<?xml version="1.0" encoding="UTF-8"?>
<!-- Generated by org.testng.reporters.JUnitXMLReporter -->
<testsuite hostname="Praweens-MacBook-Pro.local" name="RegressionTest" tests="3" failures="0" timestamp="2 Aug 2017 05:27:02 GMT" time="13.003" errors="0">
  <testcase name="testNavLinks" time="0.039" classname="com.puja.WebAutomationFramework.HomePageTest"/>
  <testcase name="testsearchBox" time="6.492" classname="com.puja.WebAutomationFramework.HomePageTest"/>
  <testcase name="testsignInLink" time="1.233" classname="com.puja.WebAutomationFramework.HomePageTest"/>
</testsuite> <!-- RegressionTest -->
