<?xml version="1.0" encoding="UTF-8"?>
<!-- Generated by org.testng.reporters.JUnitXMLReporter -->
<testsuite hostname="Praweens-MacBook-Pro.local" name="SmokeTest" tests="3" failures="0" timestamp="2 Aug 2017 05:26:49 GMT" time="10.508" errors="0">
  <testcase name="testNavLinks" time="0.02" classname="com.puja.WebAutomationFramework.HomePageTest"/>
  <testcase name="testsearchBox" time="3.505" classname="com.puja.WebAutomationFramework.HomePageTest"/>
  <testcase name="testsignInLink" time="1.224" classname="com.puja.WebAutomationFramework.HomePageTest"/>
</testsuite> <!-- SmokeTest -->
