<?xml version="1.0" encoding="UTF-8"?>
<!-- Generated by org.testng.reporters.JUnitXMLReporter -->
<testsuite hostname="Praweens-MacBook-Pro.local" name="FunctionalTest" tests="6" failures="0" timestamp="5 Sep 2017 01:21:00 GMT" time="9.658" errors="0">
  <testcase name="testSignIn" time="0.722" classname="com.puja.WebAutomationFramework.SignInPageTest"/>
  <testcase name="testSignIn" time="0.59" classname="com.puja.WebAutomationFramework.SignInPageTest"/>
  <testcase name="testSignIn" time="0.665" classname="com.puja.WebAutomationFramework.SignInPageTest"/>
  <testcase name="testSignIn" time="0.666" classname="com.puja.WebAutomationFramework.SignInPageTest"/>
  <testcase name="searchPageVerifyTitle" time="0.001" classname="com.puja.WebAutomationFramework.SearchPageTest"/>
  <testcase name="sortResult" time="0.001" classname="com.puja.WebAutomationFramework.SearchPageTest"/>
</testsuite> <!-- FunctionalTest -->
