<?xml version="1.0" encoding="UTF-8"?>
<!-- Generated by org.testng.reporters.JUnitXMLReporter -->
<testsuite hostname="Praweens-MacBook-Pro.local" name="SmokeTest" tests="3" failures="0" timestamp="5 Sep 2017 01:20:50 GMT" time="11.757" errors="0">
  <testcase name="testNavLinks" time="0.03" classname="com.puja.WebAutomationFramework.HomePageTest"/>
  <testcase name="testsearchBox" time="3.53" classname="com.puja.WebAutomationFramework.HomePageTest"/>
  <testcase name="testsignInLink" time="1.217" classname="com.puja.WebAutomationFramework.HomePageTest"/>
</testsuite> <!-- SmokeTest -->
