<?xml version="1.0" encoding="UTF-8"?>
<!-- Generated by org.testng.reporters.JUnitXMLReporter -->
<testsuite hostname="Praweens-MacBook-Pro.local" name="Test1" tests="4" failures="0" timestamp="5 Sep 2017 01:13:05 GMT" time="9.384" errors="0">
  <testcase name="testSignIn" time="0.693" classname="com.puja.WebAutomationFramework.SignInPageTest"/>
  <testcase name="testSignIn" time="0.568" classname="com.puja.WebAutomationFramework.SignInPageTest"/>
  <testcase name="testSignIn" time="0.656" classname="com.puja.WebAutomationFramework.SignInPageTest"/>
  <testcase name="testSignIn" time="0.654" classname="com.puja.WebAutomationFramework.SignInPageTest"/>
</testsuite> <!-- Test1 -->
