<?xml version="1.0" encoding="UTF-8"?>
<!-- Generated by org.testng.reporters.JUnitXMLReporter -->
<testsuite hostname="Praweens-MacBook-Pro.local" name="Test" tests="3" failures="0" timestamp="5 Sep 2017 01:12:56 GMT" time="11.101" errors="0">
  <testcase name="testNavLinks" time="0.031" classname="com.puja.WebAutomationFramework.HomePageTest"/>
  <testcase name="testsearchBox" time="4.247" classname="com.puja.WebAutomationFramework.HomePageTest"/>
  <testcase name="testsignInLink" time="1.12" classname="com.puja.WebAutomationFramework.HomePageTest"/>
</testsuite> <!-- Test -->
