<?xml version="1.0" encoding="UTF-8"?>
<testng-results skipped="0" failed="0" total="9" passed="9">
  <reporter-output>
  </reporter-output>
  <suite name="Suite" duration-ms="21428" started-at="2017-09-05T01:20:38Z" finished-at="2017-09-05T01:21:00Z">
    <groups>
    </groups>
    <test name="SmokeTest" duration-ms="11757" started-at="2017-09-05T01:20:38Z" finished-at="2017-09-05T01:20:50Z">
      <class name="com.puja.WebAutomationFramework.HomePageTest">
        <test-method status="PASS" signature="beforeTest()[pri:0, instance:com.puja.WebAutomationFramework.HomePageTest@62bd765]" name="beforeTest" is-config="true" duration-ms="6859" started-at="2017-09-04T18:20:38Z" finished-at="2017-09-04T18:20:45Z">
          <reporter-output>
          </reporter-output>
        </test-method> <!-- beforeTest -->
        <test-method status="PASS" signature="beforeClass()[pri:0, instance:com.puja.WebAutomationFramework.HomePageTest@62bd765]" name="beforeClass" is-config="true" duration-ms="0" started-at="2017-09-04T18:20:45Z" finished-at="2017-09-04T18:20:45Z">
          <reporter-output>
          </reporter-output>
        </test-method> <!-- beforeClass -->
        <test-method status="PASS" signature="testNavLinks()[pri:0, instance:com.puja.WebAutomationFramework.HomePageTest@62bd765]" name="testNavLinks" duration-ms="30" started-at="2017-09-04T18:20:45Z" finished-at="2017-09-04T18:20:45Z">
          <reporter-output>
          </reporter-output>
        </test-method> <!-- testNavLinks -->
        <test-method status="PASS" signature="afterMethod(org.testng.ITestResult)[pri:0, instance:com.puja.WebAutomationFramework.HomePageTest@62bd765]" name="afterMethod" is-config="true" duration-ms="1" started-at="2017-09-04T18:20:45Z" finished-at="2017-09-04T18:20:45Z">
          <params>
            <param index="0">
              <value>
                <![CDATA[[TestResult name=testNavLinks status=SUCCESS method=HomePageTest.testNavLinks()[pri:0, instance:com.puja.WebAutomationFramework.HomePageTest@62bd765] output={null}]]]>
              </value>
            </param>
          </params>
          <reporter-output>
          </reporter-output>
        </test-method> <!-- afterMethod -->
        <test-method status="PASS" signature="testsearchBox()[pri:0, instance:com.puja.WebAutomationFramework.HomePageTest@62bd765]" name="testsearchBox" duration-ms="3530" started-at="2017-09-04T18:20:45Z" finished-at="2017-09-04T18:20:49Z">
          <reporter-output>
          </reporter-output>
        </test-method> <!-- testsearchBox -->
        <test-method status="PASS" signature="afterMethod(org.testng.ITestResult)[pri:0, instance:com.puja.WebAutomationFramework.HomePageTest@62bd765]" name="afterMethod" is-config="true" duration-ms="1" started-at="2017-09-04T18:20:49Z" finished-at="2017-09-04T18:20:49Z">
          <params>
            <param index="0">
              <value>
                <![CDATA[[TestResult name=testsearchBox status=SUCCESS method=HomePageTest.testsearchBox()[pri:0, instance:com.puja.WebAutomationFramework.HomePageTest@62bd765] output={null}]]]>
              </value>
            </param>
          </params>
          <reporter-output>
          </reporter-output>
        </test-method> <!-- afterMethod -->
        <test-method status="PASS" signature="testsignInLink()[pri:0, instance:com.puja.WebAutomationFramework.HomePageTest@62bd765]" name="testsignInLink" duration-ms="1217" started-at="2017-09-04T18:20:49Z" finished-at="2017-09-04T18:20:50Z">
          <reporter-output>
          </reporter-output>
        </test-method> <!-- testsignInLink -->
        <test-method status="PASS" signature="afterMethod(org.testng.ITestResult)[pri:0, instance:com.puja.WebAutomationFramework.HomePageTest@62bd765]" name="afterMethod" is-config="true" duration-ms="0" started-at="2017-09-04T18:20:50Z" finished-at="2017-09-04T18:20:50Z">
          <params>
            <param index="0">
              <value>
                <![CDATA[[TestResult name=testsignInLink status=SUCCESS method=HomePageTest.testsignInLink()[pri:0, instance:com.puja.WebAutomationFramework.HomePageTest@62bd765] output={null}]]]>
              </value>
            </param>
          </params>
          <reporter-output>
          </reporter-output>
        </test-method> <!-- afterMethod -->
        <test-method status="PASS" signature="afterTest()[pri:0, instance:com.puja.WebAutomationFramework.HomePageTest@62bd765]" name="afterTest" is-config="true" duration-ms="108" started-at="2017-09-04T18:20:50Z" finished-at="2017-09-04T18:20:50Z">
          <reporter-output>
          </reporter-output>
        </test-method> <!-- afterTest -->
      </class> <!-- com.puja.WebAutomationFramework.HomePageTest -->
    </test> <!-- SmokeTest -->
    <test name="FunctionalTest" duration-ms="9658" started-at="2017-09-05T01:20:50Z" finished-at="2017-09-05T01:21:00Z">
      <class name="com.puja.WebAutomationFramework.SearchPageTest">
        <test-method status="PASS" signature="beforeClass()[pri:0, instance:com.puja.WebAutomationFramework.SearchPageTest@35fc6dc4]" name="beforeClass" is-config="true" duration-ms="0" started-at="2017-09-04T18:20:59Z" finished-at="2017-09-04T18:20:59Z">
          <reporter-output>
          </reporter-output>
        </test-method> <!-- beforeClass -->
        <test-method status="PASS" signature="searchPageVerifyTitle()[pri:0, instance:com.puja.WebAutomationFramework.SearchPageTest@35fc6dc4]" name="searchPageVerifyTitle" duration-ms="1" started-at="2017-09-04T18:20:59Z" finished-at="2017-09-04T18:20:59Z">
          <reporter-output>
          </reporter-output>
        </test-method> <!-- searchPageVerifyTitle -->
        <test-method status="PASS" signature="sortResult()[pri:0, instance:com.puja.WebAutomationFramework.SearchPageTest@35fc6dc4]" name="sortResult" duration-ms="1" started-at="2017-09-04T18:20:59Z" finished-at="2017-09-04T18:20:59Z">
          <reporter-output>
          </reporter-output>
        </test-method> <!-- sortResult -->
        <test-method status="PASS" signature="afterMethod(org.testng.ITestResult)[pri:0, instance:com.puja.WebAutomationFramework.SearchPageTest@35fc6dc4]" name="afterMethod" is-config="true" duration-ms="0" started-at="2017-09-04T18:20:59Z" finished-at="2017-09-04T18:20:59Z">
          <params>
            <param index="0">
              <value>
                <![CDATA[[TestResult name=searchPageVerifyTitle status=SUCCESS method=SearchPageTest.searchPageVerifyTitle()[pri:0, instance:com.puja.WebAutomationFramework.SearchPageTest@35fc6dc4] output={null}]]]>
              </value>
            </param>
          </params>
          <reporter-output>
          </reporter-output>
        </test-method> <!-- afterMethod -->
        <test-method status="PASS" signature="afterMethod(org.testng.ITestResult)[pri:0, instance:com.puja.WebAutomationFramework.SearchPageTest@35fc6dc4]" name="afterMethod" is-config="true" duration-ms="0" started-at="2017-09-04T18:20:59Z" finished-at="2017-09-04T18:20:59Z">
          <params>
            <param index="0">
              <value>
                <![CDATA[[TestResult name=sortResult status=SUCCESS method=SearchPageTest.sortResult()[pri:0, instance:com.puja.WebAutomationFramework.SearchPageTest@35fc6dc4] output={null}]]]>
              </value>
            </param>
          </params>
          <reporter-output>
          </reporter-output>
        </test-method> <!-- afterMethod -->
      </class> <!-- com.puja.WebAutomationFramework.SearchPageTest -->
      <class name="com.puja.WebAutomationFramework.SignInPageTest">
        <test-method status="PASS" signature="beforeTest()[pri:0, instance:com.puja.WebAutomationFramework.SignInPageTest@77e4c80f]" name="beforeTest" is-config="true" duration-ms="4730" started-at="2017-09-04T18:20:50Z" finished-at="2017-09-04T18:20:55Z">
          <reporter-output>
          </reporter-output>
        </test-method> <!-- beforeTest -->
        <test-method status="PASS" signature="beforeClass()[pri:0, instance:com.puja.WebAutomationFramework.SignInPageTest@77e4c80f]" name="beforeClass" is-config="true" duration-ms="1613" started-at="2017-09-04T18:20:55Z" finished-at="2017-09-04T18:20:56Z">
          <reporter-output>
          </reporter-output>
        </test-method> <!-- beforeClass -->
        <test-method status="PASS" signature="testSignIn(java.lang.String, java.lang.String, java.lang.String)[pri:0, instance:com.puja.WebAutomationFramework.SignInPageTest@77e4c80f]" name="testSignIn" duration-ms="722" started-at="2017-09-04T18:20:57Z" data-provider="signin" finished-at="2017-09-04T18:20:58Z">
          <params>
            <param index="0">
              <value>
                <![CDATA[a@a.com]]>
              </value>
            </param>
            <param index="1">
              <value>
                <![CDATA[test123]]>
              </value>
            </param>
            <param index="2">
              <value>
                <![CDATA[Your password and email do not match. Please try again]]>
              </value>
            </param>
          </params>
          <reporter-output>
          </reporter-output>
        </test-method> <!-- testSignIn -->
        <test-method status="PASS" signature="testSignIn(java.lang.String, java.lang.String, java.lang.String)[pri:0, instance:com.puja.WebAutomationFramework.SignInPageTest@77e4c80f]" name="testSignIn" duration-ms="590" started-at="2017-09-04T18:20:58Z" data-provider="signin" finished-at="2017-09-04T18:20:58Z">
          <params>
            <param index="0">
              <value>
                <![CDATA[a@b.com]]>
              </value>
            </param>
            <param index="1">
              <value>
                <![CDATA[test123]]>
              </value>
            </param>
            <param index="2">
              <value>
                <![CDATA[Your password and email do not match. Please try again]]>
              </value>
            </param>
          </params>
          <reporter-output>
          </reporter-output>
        </test-method> <!-- testSignIn -->
        <test-method status="PASS" signature="afterMethod(org.testng.ITestResult)[pri:0, instance:com.puja.WebAutomationFramework.SignInPageTest@77e4c80f]" name="afterMethod" is-config="true" duration-ms="0" started-at="2017-09-04T18:20:58Z" finished-at="2017-09-04T18:20:58Z">
          <params>
            <param index="0">
              <value>
                <![CDATA[[TestResult name=testSignIn status=SUCCESS method=SignInPageTest.testSignIn(java.lang.String, java.lang.String, java.lang.String)[pri:0, instance:com.puja.WebAutomationFramework.SignInPageTest@77e4c80f] output={null}]]]>
              </value>
            </param>
          </params>
          <reporter-output>
          </reporter-output>
        </test-method> <!-- afterMethod -->
        <test-method status="PASS" signature="testSignIn(java.lang.String, java.lang.String, java.lang.String)[pri:0, instance:com.puja.WebAutomationFramework.SignInPageTest@77e4c80f]" name="testSignIn" duration-ms="665" started-at="2017-09-04T18:20:58Z" data-provider="signin" finished-at="2017-09-04T18:20:59Z">
          <params>
            <param index="0">
              <value>
                <![CDATA[a@c.com]]>
              </value>
            </param>
            <param index="1">
              <value>
                <![CDATA[test123]]>
              </value>
            </param>
            <param index="2">
              <value>
                <![CDATA[Your password and email do not match. Please try again]]>
              </value>
            </param>
          </params>
          <reporter-output>
          </reporter-output>
        </test-method> <!-- testSignIn -->
        <test-method status="PASS" signature="afterMethod(org.testng.ITestResult)[pri:0, instance:com.puja.WebAutomationFramework.SignInPageTest@77e4c80f]" name="afterMethod" is-config="true" duration-ms="0" started-at="2017-09-04T18:20:58Z" finished-at="2017-09-04T18:20:58Z">
          <params>
            <param index="0">
              <value>
                <![CDATA[[TestResult name=testSignIn status=SUCCESS method=SignInPageTest.testSignIn(java.lang.String, java.lang.String, java.lang.String)[pri:0, instance:com.puja.WebAutomationFramework.SignInPageTest@77e4c80f] output={null}]]]>
              </value>
            </param>
          </params>
          <reporter-output>
          </reporter-output>
        </test-method> <!-- afterMethod -->
        <test-method status="PASS" signature="testSignIn(java.lang.String, java.lang.String, java.lang.String)[pri:0, instance:com.puja.WebAutomationFramework.SignInPageTest@77e4c80f]" name="testSignIn" duration-ms="666" started-at="2017-09-04T18:20:59Z" data-provider="signin" finished-at="2017-09-04T18:20:59Z">
          <params>
            <param index="0">
              <value>
                <![CDATA[a@d.com]]>
              </value>
            </param>
            <param index="1">
              <value>
                <![CDATA[test123]]>
              </value>
            </param>
            <param index="2">
              <value>
                <![CDATA[Your password and email do not match. Please try again]]>
              </value>
            </param>
          </params>
          <reporter-output>
          </reporter-output>
        </test-method> <!-- testSignIn -->
        <test-method status="PASS" signature="afterMethod(org.testng.ITestResult)[pri:0, instance:com.puja.WebAutomationFramework.SignInPageTest@77e4c80f]" name="afterMethod" is-config="true" duration-ms="0" started-at="2017-09-04T18:20:59Z" finished-at="2017-09-04T18:20:59Z">
          <params>
            <param index="0">
              <value>
                <![CDATA[[TestResult name=testSignIn status=SUCCESS method=SignInPageTest.testSignIn(java.lang.String, java.lang.String, java.lang.String)[pri:0, instance:com.puja.WebAutomationFramework.SignInPageTest@77e4c80f] output={null}]]]>
              </value>
            </param>
          </params>
          <reporter-output>
          </reporter-output>
        </test-method> <!-- afterMethod -->
        <test-method status="PASS" signature="afterMethod(org.testng.ITestResult)[pri:0, instance:com.puja.WebAutomationFramework.SignInPageTest@77e4c80f]" name="afterMethod" is-config="true" duration-ms="1" started-at="2017-09-04T18:20:59Z" finished-at="2017-09-04T18:20:59Z">
          <params>
            <param index="0">
              <value>
                <![CDATA[[TestResult name=testSignIn status=SUCCESS method=SignInPageTest.testSignIn(java.lang.String, java.lang.String, java.lang.String)[pri:0, instance:com.puja.WebAutomationFramework.SignInPageTest@77e4c80f] output={null}]]]>
              </value>
            </param>
          </params>
          <reporter-output>
          </reporter-output>
        </test-method> <!-- afterMethod -->
        <test-method status="PASS" signature="afterTest()[pri:0, instance:com.puja.WebAutomationFramework.SignInPageTest@77e4c80f]" name="afterTest" is-config="true" duration-ms="108" started-at="2017-09-04T18:20:59Z" finished-at="2017-09-04T18:21:00Z">
          <reporter-output>
          </reporter-output>
        </test-method> <!-- afterTest -->
      </class> <!-- com.puja.WebAutomationFramework.SignInPageTest -->
    </test> <!-- FunctionalTest -->
  </suite> <!-- Suite -->
</testng-results>
