<?xml version="1.0" encoding="UTF-8"?>
<!-- Generated by org.testng.reporters.JUnitXMLReporter -->
<testsuite hostname="Praweens-MacBook-Pro.local" ignored="1" name="Command line test" tests="4" failures="1" timestamp="16 Jul 2017 00:44:23 GMT" time="0.545" errors="0">
  <testcase name="@BeforeTest beforeTest" time="0.013" classname="com.puja.WebAutomationFrameworkBase.BaseTest">
    <failure type="java.lang.NullPointerException">
      <![CDATA[java.lang.NullPointerException
	at com.puja.WebAutomationFrameworkHelper.WebUIDriver.getDriver(WebUIDriver.java:15)
	at com.puja.WebAutomationFrameworkBase.BaseTest.beforeTest(BaseTest.java:17)
... Removed 33 stack frames]]>
    </failure>
  </testcase> <!-- @BeforeTest beforeTest -->
  <testcase name="@BeforeClass beforeClass" time="0.0" classname="com.puja.WebAutomationFramework.HomePageTest">
    <skipped/>
  </testcase> <!-- @BeforeClass beforeClass -->
  <testcase name="@BeforeClass beforeClass" time="0.0" classname="com.puja.WebAutomationFramework.SignInPageTest">
    <skipped/>
  </testcase> <!-- @BeforeClass beforeClass -->
  <testcase name="testNavLinks" time="0.0" classname="com.puja.WebAutomationFramework.HomePageTest">
    <skipped/>
  </testcase> <!-- testNavLinks -->
  <testcase name="testsearchBox" time="0.0" classname="com.puja.WebAutomationFramework.HomePageTest">
    <skipped/>
  </testcase> <!-- testsearchBox -->
  <testcase name="testsignInLink" time="0.0" classname="com.puja.WebAutomationFramework.HomePageTest">
    <skipped/>
  </testcase> <!-- testsignInLink -->
  <testcase name="testSignIn" time="0.515" classname="com.puja.WebAutomationFramework.SignInPageTest">
    <failure type="org.testng.internal.reflect.MethodMatcherException" message="
Data provider mismatch
Method: testSignIn([Parameter{index=0, type=java.lang.String, declaredAnnotations=[]}, Parameter{index=1, type=java.lang.String, declaredAnnotations=[]}, Parameter{index=2, type=java.lang.String, declaredAnnotations=[]}])
Arguments: [(java.lang.String),(java.lang.String),(java.lang.String),(java.lang.String),(java.lang.String),(java.lang.String),(java.lang.String)]">
      <![CDATA[org.testng.internal.reflect.MethodMatcherException: 
Data provider mismatch
Method: testSignIn([Parameter{index=0, type=java.lang.String, declaredAnnotations=[]}, Parameter{index=1, type=java.lang.String, declaredAnnotations=[]}, Parameter{index=2, type=java.lang.String, declaredAnnotations=[]}])
Arguments: [(java.lang.String),(java.lang.String),(java.lang.String),(java.lang.String),(java.lang.String),(java.lang.String),(java.lang.String)]
... Removed 30 stack frames]]>
    </failure>
  </testcase> <!-- testSignIn -->
  <testcase name="@BeforeTest beforeTest" time="0.0" classname="com.puja.WebAutomationFrameworkBase.BaseTest">
    <ignored/>
  </testcase> <!-- @BeforeTest beforeTest -->
</testsuite> <!-- Command line test -->
