<?xml version="1.0" encoding="UTF-8"?>
<!-- Generated by org.testng.reporters.JUnitXMLReporter -->
<testsuite hostname="Praweens-MacBook-Pro.local" name="Default test" tests="4" failures="0" timestamp="5 Sep 2017 01:10:05 GMT" time="10.345" errors="0">
  <testcase name="testSignIn" time="0.707" classname="com.puja.WebAutomationFramework.SignInPageTest"/>
  <testcase name="testSignIn" time="0.567" classname="com.puja.WebAutomationFramework.SignInPageTest"/>
  <testcase name="testSignIn" time="0.656" classname="com.puja.WebAutomationFramework.SignInPageTest"/>
  <testcase name="testSignIn" time="0.656" classname="com.puja.WebAutomationFramework.SignInPageTest"/>
</testsuite> <!-- Default test -->
