<?xml version="1.0" encoding="UTF-8"?>
<!-- Generated by org.testng.reporters.JUnitXMLReporter -->
<testsuite hostname="Praweens-MacBook-Pro.local" name="Test" tests="4" failures="0" timestamp="8 Aug 2017 18:34:37 GMT" time="9.204" errors="0">
  <testcase name="testSignIn" time="0.687" classname="com.puja.WebAutomationFramework.SignInPageTest"/>
  <testcase name="testSignIn" time="0.566" classname="com.puja.WebAutomationFramework.SignInPageTest"/>
  <testcase name="testSignIn" time="0.656" classname="com.puja.WebAutomationFramework.SignInPageTest"/>
  <testcase name="testSignIn" time="0.667" classname="com.puja.WebAutomationFramework.SignInPageTest"/>
</testsuite> <!-- Test -->
